# Logfile created on 2014-09-08 16:51:36 +0530 by logger.rb/31641
REQUESTING PAGE: GET / with {} and HTTP headers {}
REQUESTING PAGE: GET /users/sign_in with {} and HTTP headers {}
REQUESTING PAGE: POST /users/sign_in with {"utf8"=>"✓", "user"=>{"email"=>"eg21@example.com", "password"=>"foobar11", "remember_me"=>"0"}, "commit"=>"Sign in"} and HTTP headers {"HTTP_REFERER"=>"/users/sign_in"}
REQUESTING PAGE: GET http://www.example.com/ with {} and HTTP headers {"HTTP_REFERER"=>"/users/sign_in"}
REQUESTING PAGE: GET / with {} and HTTP headers {"HTTP_REFERER"=>"http://www.example.com/"}
REQUESTING PAGE: GET /users/sign_in with {} and HTTP headers {}
REQUESTING PAGE: POST /users/sign_in with {"utf8"=>"✓", "user"=>{"email"=>"eg22@example.com", "password"=>"foobar11", "remember_me"=>"0"}, "commit"=>"Sign in"} and HTTP headers {"HTTP_REFERER"=>"/users/sign_in"}
REQUESTING PAGE: GET http://www.example.com/ with {} and HTTP headers {"HTTP_REFERER"=>"/users/sign_in"}
REQUESTING PAGE: GET / with {} and HTTP headers {"HTTP_REFERER"=>"http://www.example.com/"}
REQUESTING PAGE: GET /users/sign_in with {} and HTTP headers {}
REQUESTING PAGE: POST /users/sign_in with {"utf8"=>"✓", "user"=>{"email"=>"eg23@example.com", "password"=>"foobar11", "remember_me"=>"0"}, "commit"=>"Sign in"} and HTTP headers {"HTTP_REFERER"=>"/users/sign_in"}
REQUESTING PAGE: GET http://www.example.com/ with {} and HTTP headers {"HTTP_REFERER"=>"/users/sign_in"}
REQUESTING PAGE: GET / with {} and HTTP headers {"HTTP_REFERER"=>"http://www.example.com/"}
REQUESTING PAGE: GET /users/sign_in with {} and HTTP headers {}
REQUESTING PAGE: POST /users/sign_in with {"utf8"=>"✓", "user"=>{"email"=>"eg24@example.com", "password"=>"foobar11", "remember_me"=>"0"}, "commit"=>"Sign in"} and HTTP headers {"HTTP_REFERER"=>"/users/sign_in"}
REQUESTING PAGE: GET http://www.example.com/ with {} and HTTP headers {"HTTP_REFERER"=>"/users/sign_in"}
REQUESTING PAGE: GET / with {} and HTTP headers {"HTTP_REFERER"=>"http://www.example.com/"}
REQUESTING PAGE: GET / with {} and HTTP headers {}
REQUESTING PAGE: GET /users/sign_in with {} and HTTP headers {}
REQUESTING PAGE: POST /users/sign_in with {"utf8"=>"✓", "user"=>{"email"=>"eg21@example.com", "password"=>"foobar11", "remember_me"=>"0"}, "commit"=>"Sign in"} and HTTP headers {"HTTP_REFERER"=>"/users/sign_in"}
REQUESTING PAGE: GET http://www.example.com/ with {} and HTTP headers {"HTTP_REFERER"=>"/users/sign_in"}
REQUESTING PAGE: GET / with {} and HTTP headers {"HTTP_REFERER"=>"http://www.example.com/"}
REQUESTING PAGE: GET /users/sign_in with {} and HTTP headers {}
REQUESTING PAGE: POST /users/sign_in with {"utf8"=>"✓", "user"=>{"email"=>"eg22@example.com", "password"=>"foobar11", "remember_me"=>"0"}, "commit"=>"Sign in"} and HTTP headers {"HTTP_REFERER"=>"/users/sign_in"}
REQUESTING PAGE: GET http://www.example.com/ with {} and HTTP headers {"HTTP_REFERER"=>"/users/sign_in"}
REQUESTING PAGE: GET / with {} and HTTP headers {"HTTP_REFERER"=>"http://www.example.com/"}
REQUESTING PAGE: GET /users/sign_in with {} and HTTP headers {}
REQUESTING PAGE: POST /users/sign_in with {"utf8"=>"✓", "user"=>{"email"=>"eg23@example.com", "password"=>"foobar11", "remember_me"=>"0"}, "commit"=>"Sign in"} and HTTP headers {"HTTP_REFERER"=>"/users/sign_in"}
REQUESTING PAGE: GET http://www.example.com/ with {} and HTTP headers {"HTTP_REFERER"=>"/users/sign_in"}
REQUESTING PAGE: GET / with {} and HTTP headers {"HTTP_REFERER"=>"http://www.example.com/"}
REQUESTING PAGE: GET /users/sign_in with {} and HTTP headers {}
REQUESTING PAGE: POST /users/sign_in with {"utf8"=>"✓", "user"=>{"email"=>"eg24@example.com", "password"=>"foobar11", "remember_me"=>"0"}, "commit"=>"Sign in"} and HTTP headers {"HTTP_REFERER"=>"/users/sign_in"}
REQUESTING PAGE: GET http://www.example.com/ with {} and HTTP headers {"HTTP_REFERER"=>"/users/sign_in"}
REQUESTING PAGE: GET / with {} and HTTP headers {"HTTP_REFERER"=>"http://www.example.com/"}
REQUESTING PAGE: GET / with {} and HTTP headers {}
REQUESTING PAGE: GET /users/sign_in with {} and HTTP headers {}
REQUESTING PAGE: POST /users/sign_in with {"utf8"=>"✓", "user"=>{"email"=>"eg21@example.com", "password"=>"foobar11", "remember_me"=>"0"}, "commit"=>"Sign in"} and HTTP headers {"HTTP_REFERER"=>"/users/sign_in"}
REQUESTING PAGE: GET http://www.example.com/ with {} and HTTP headers {"HTTP_REFERER"=>"/users/sign_in"}
REQUESTING PAGE: GET / with {} and HTTP headers {"HTTP_REFERER"=>"http://www.example.com/"}
REQUESTING PAGE: GET /users/sign_in with {} and HTTP headers {}
REQUESTING PAGE: POST /users/sign_in with {"utf8"=>"✓", "user"=>{"email"=>"eg22@example.com", "password"=>"foobar11", "remember_me"=>"0"}, "commit"=>"Sign in"} and HTTP headers {"HTTP_REFERER"=>"/users/sign_in"}
REQUESTING PAGE: GET http://www.example.com/ with {} and HTTP headers {"HTTP_REFERER"=>"/users/sign_in"}
REQUESTING PAGE: GET / with {} and HTTP headers {"HTTP_REFERER"=>"http://www.example.com/"}
REQUESTING PAGE: GET /users/sign_in with {} and HTTP headers {}
REQUESTING PAGE: POST /users/sign_in with {"utf8"=>"✓", "user"=>{"email"=>"eg23@example.com", "password"=>"foobar11", "remember_me"=>"0"}, "commit"=>"Sign in"} and HTTP headers {"HTTP_REFERER"=>"/users/sign_in"}
REQUESTING PAGE: GET http://www.example.com/ with {} and HTTP headers {"HTTP_REFERER"=>"/users/sign_in"}
REQUESTING PAGE: GET / with {} and HTTP headers {"HTTP_REFERER"=>"http://www.example.com/"}
REQUESTING PAGE: GET /users/sign_in with {} and HTTP headers {}
REQUESTING PAGE: POST /users/sign_in with {"utf8"=>"✓", "user"=>{"email"=>"eg24@example.com", "password"=>"foobar11", "remember_me"=>"0"}, "commit"=>"Sign in"} and HTTP headers {"HTTP_REFERER"=>"/users/sign_in"}
REQUESTING PAGE: GET http://www.example.com/ with {} and HTTP headers {"HTTP_REFERER"=>"/users/sign_in"}
REQUESTING PAGE: GET / with {} and HTTP headers {"HTTP_REFERER"=>"http://www.example.com/"}
REQUESTING PAGE: GET /users/sign_up with {} and HTTP headers {}
REQUESTING PAGE: GET /users/sign_up with {} and HTTP headers {}
REQUESTING PAGE: GET /users/sign_up with {} and HTTP headers {}
REQUESTING PAGE: GET / with {} and HTTP headers {}
REQUESTING PAGE: POST /users/sign_in with {"utf8"=>"✓", "user"=>{"email"=>"", "password"=>"", "remember_me"=>"0"}, "commit"=>"Sign in"} and HTTP headers {"HTTP_REFERER"=>"/"}
REQUESTING PAGE: GET /users/sign_up with {} and HTTP headers {}
REQUESTING PAGE: GET /users/sign_up with {} and HTTP headers {}
REQUESTING PAGE: GET / with {} and HTTP headers {}
REQUESTING PAGE: POST /users/sign_in with {"utf8"=>"✓", "user"=>{"email"=>"", "password"=>"", "remember_me"=>"0"}, "commit"=>"Sign in"} and HTTP headers {"HTTP_REFERER"=>"/"}
REQUESTING PAGE: GET /users/sign_up with {} and HTTP headers {}
REQUESTING PAGE: GET /users/sign_up with {} and HTTP headers {}
REQUESTING PAGE: GET / with {} and HTTP headers {}
REQUESTING PAGE: POST /users/sign_in with {"utf8"=>"✓", "user"=>{"email"=>"", "password"=>"", "remember_me"=>"0"}, "commit"=>"Sign in"} and HTTP headers {"HTTP_REFERER"=>"/"}
REQUESTING PAGE: GET /users/sign_up with {} and HTTP headers {}
REQUESTING PAGE: GET /users/sign_up with {} and HTTP headers {}
REQUESTING PAGE: GET / with {} and HTTP headers {}
REQUESTING PAGE: POST /users/sign_in with {"utf8"=>"✓", "user"=>{"email"=>"", "password"=>"", "remember_me"=>"0"}, "commit"=>"Sign in"} and HTTP headers {"HTTP_REFERER"=>"/"}
REQUESTING PAGE: GET /users/sign_up with {} and HTTP headers {}
REQUESTING PAGE: POST /users with {"utf8"=>"✓", "user"=>{"email"=>" ", "name"=>"", "nickname"=>"", "dob"=>"", "password"=>" ", "password_confirmation"=>" "}, "commit"=>"Sign up"} and HTTP headers {"HTTP_REFERER"=>"/users/sign_up"}
REQUESTING PAGE: GET /users/sign_up with {} and HTTP headers {}
REQUESTING PAGE: GET / with {} and HTTP headers {}
REQUESTING PAGE: POST /users/sign_in with {"utf8"=>"✓", "user"=>{"email"=>"", "password"=>"", "remember_me"=>"0"}, "commit"=>"Sign in"} and HTTP headers {"HTTP_REFERER"=>"/"}
REQUESTING PAGE: GET /users/sign_up with {} and HTTP headers {}
REQUESTING PAGE: POST /users with {"utf8"=>"✓", "user"=>{"email"=>" ", "name"=>"", "nickname"=>"", "dob"=>"", "password"=>" ", "password_confirmation"=>" "}, "commit"=>"Sign up"} and HTTP headers {"HTTP_REFERER"=>"/users/sign_up"}
REQUESTING PAGE: GET /users/sign_up with {} and HTTP headers {}
REQUESTING PAGE: GET / with {} and HTTP headers {}
REQUESTING PAGE: POST /users/sign_in with {"utf8"=>"✓", "user"=>{"email"=>"", "password"=>"", "remember_me"=>"0"}, "commit"=>"Sign in"} and HTTP headers {"HTTP_REFERER"=>"/"}
REQUESTING PAGE: GET /users/sign_up with {} and HTTP headers {}
REQUESTING PAGE: POST /users with {"utf8"=>"✓", "user"=>{"email"=>" ", "name"=>"", "nickname"=>"", "dob"=>"", "password"=>" ", "password_confirmation"=>" "}, "commit"=>"Sign up"} and HTTP headers {"HTTP_REFERER"=>"/users/sign_up"}
REQUESTING PAGE: GET /users/sign_up with {} and HTTP headers {}
REQUESTING PAGE: GET / with {} and HTTP headers {}
REQUESTING PAGE: POST /users/sign_in with {"utf8"=>"✓", "user"=>{"email"=>"", "password"=>"", "remember_me"=>"0"}, "commit"=>"Sign in"} and HTTP headers {"HTTP_REFERER"=>"/"}
REQUESTING PAGE: GET /users/sign_up with {} and HTTP headers {}
REQUESTING PAGE: POST /users with {"utf8"=>"✓", "user"=>{"email"=>" ", "name"=>"", "nickname"=>"", "dob"=>"", "password"=>" ", "password_confirmation"=>" "}, "commit"=>"Sign up"} and HTTP headers {"HTTP_REFERER"=>"/users/sign_up"}
REQUESTING PAGE: GET /users/sign_up with {} and HTTP headers {}
REQUESTING PAGE: GET / with {} and HTTP headers {}
REQUESTING PAGE: POST /users/sign_in with {"utf8"=>"✓", "user"=>{"email"=>"", "password"=>"", "remember_me"=>"0"}, "commit"=>"Sign in"} and HTTP headers {"HTTP_REFERER"=>"/"}
REQUESTING PAGE: GET /users/sign_up with {} and HTTP headers {}
REQUESTING PAGE: POST /users with {"utf8"=>"✓", "user"=>{"email"=>" ", "name"=>"", "nickname"=>"", "dob"=>"", "password"=>" ", "password_confirmation"=>" "}, "commit"=>"Sign up"} and HTTP headers {"HTTP_REFERER"=>"/users/sign_up"}
REQUESTING PAGE: GET /users/sign_up with {} and HTTP headers {}
REQUESTING PAGE: POST /users with {"utf8"=>"✓", "user"=>{"email"=>"user@example.com", "name"=>"Example User", "nickname"=>"cool", "dob"=>"25/05/1992", "password"=>"foobar11", "password_confirmation"=>"foobar11"}, "commit"=>"Sign up"} and HTTP headers {"HTTP_REFERER"=>"/users/sign_up"}
REQUESTING PAGE: GET http://www.example.com/ with {} and HTTP headers {"HTTP_REFERER"=>"/users"}
REQUESTING PAGE: GET / with {} and HTTP headers {}
REQUESTING PAGE: POST /users/sign_in with {"utf8"=>"✓", "user"=>{"email"=>"", "password"=>"", "remember_me"=>"0"}, "commit"=>"Sign in"} and HTTP headers {"HTTP_REFERER"=>"/"}
REQUESTING PAGE: GET /users/sign_up with {} and HTTP headers {}
REQUESTING PAGE: POST /users with {"utf8"=>"✓", "user"=>{"email"=>" ", "name"=>"", "nickname"=>"", "dob"=>"", "password"=>" ", "password_confirmation"=>" "}, "commit"=>"Sign up"} and HTTP headers {"HTTP_REFERER"=>"/users/sign_up"}
REQUESTING PAGE: GET /users/sign_up with {} and HTTP headers {}
REQUESTING PAGE: POST /users with {"utf8"=>"✓", "user"=>{"email"=>"user@example.com", "name"=>"Example User", "nickname"=>"cool", "dob"=>"25/05/1992", "password"=>"foobar11", "password_confirmation"=>"foobar11"}, "commit"=>"Sign up"} and HTTP headers {"HTTP_REFERER"=>"/users/sign_up"}
REQUESTING PAGE: GET http://www.example.com/ with {} and HTTP headers {"HTTP_REFERER"=>"/users"}
REQUESTING PAGE: GET / with {} and HTTP headers {}
REQUESTING PAGE: POST /users/sign_in with {"utf8"=>"✓", "user"=>{"email"=>"", "password"=>"", "remember_me"=>"0"}, "commit"=>"Sign in"} and HTTP headers {"HTTP_REFERER"=>"/"}
REQUESTING PAGE: GET /users/sign_up with {} and HTTP headers {}
REQUESTING PAGE: POST /users with {"utf8"=>"✓", "user"=>{"email"=>" ", "name"=>"", "nickname"=>"", "dob"=>"", "password"=>" ", "password_confirmation"=>" "}, "commit"=>"Sign up"} and HTTP headers {"HTTP_REFERER"=>"/users/sign_up"}
REQUESTING PAGE: GET /users/sign_up with {} and HTTP headers {}
REQUESTING PAGE: POST /users with {"utf8"=>"✓", "user"=>{"email"=>"user@example.com", "name"=>"Example User", "nickname"=>"cool", "dob"=>"25/05/1992", "password"=>"foobar11", "password_confirmation"=>"foobar11"}, "commit"=>"Sign up"} and HTTP headers {"HTTP_REFERER"=>"/users/sign_up"}
REQUESTING PAGE: GET http://www.example.com/ with {} and HTTP headers {"HTTP_REFERER"=>"/users"}
REQUESTING PAGE: GET / with {} and HTTP headers {}
REQUESTING PAGE: POST /users/sign_in with {"utf8"=>"✓", "user"=>{"email"=>"", "password"=>"", "remember_me"=>"0"}, "commit"=>"Sign in"} and HTTP headers {"HTTP_REFERER"=>"/"}
REQUESTING PAGE: GET /users/sign_up with {} and HTTP headers {}
REQUESTING PAGE: POST /users with {"utf8"=>"✓", "user"=>{"email"=>" ", "name"=>"", "nickname"=>"", "dob"=>"", "password"=>" ", "password_confirmation"=>" "}, "commit"=>"Sign up"} and HTTP headers {"HTTP_REFERER"=>"/users/sign_up"}
REQUESTING PAGE: GET /users/sign_up with {} and HTTP headers {}
REQUESTING PAGE: POST /users with {"utf8"=>"✓", "user"=>{"email"=>"user@example.com", "name"=>"Example User", "nickname"=>"cool", "dob"=>"25/05/1992", "password"=>"foobar11", "password_confirmation"=>"foobar11"}, "commit"=>"Sign up"} and HTTP headers {"HTTP_REFERER"=>"/users/sign_up"}
REQUESTING PAGE: GET http://www.example.com/ with {} and HTTP headers {"HTTP_REFERER"=>"/users"}
REQUESTING PAGE: GET / with {} and HTTP headers {}
REQUESTING PAGE: POST /users/sign_in with {"utf8"=>"✓", "user"=>{"email"=>"", "password"=>"", "remember_me"=>"0"}, "commit"=>"Sign in"} and HTTP headers {"HTTP_REFERER"=>"/"}
REQUESTING PAGE: GET /users/sign_up with {} and HTTP headers {}
REQUESTING PAGE: POST /users with {"utf8"=>"✓", "user"=>{"email"=>" ", "name"=>"", "nickname"=>"", "dob"=>"", "password"=>" ", "password_confirmation"=>" "}, "commit"=>"Sign up"} and HTTP headers {"HTTP_REFERER"=>"/users/sign_up"}
REQUESTING PAGE: GET /users/sign_up with {} and HTTP headers {}
REQUESTING PAGE: POST /users with {"utf8"=>"✓", "user"=>{"email"=>"user@example.com", "name"=>"Example User", "nickname"=>"cool", "dob"=>"25/05/1992", "password"=>"foobar11", "password_confirmation"=>"foobar11"}, "commit"=>"Sign up"} and HTTP headers {"HTTP_REFERER"=>"/users/sign_up"}
REQUESTING PAGE: GET http://www.example.com/ with {} and HTTP headers {"HTTP_REFERER"=>"/users"}
REQUESTING PAGE: GET / with {} and HTTP headers {}
REQUESTING PAGE: POST /users/sign_in with {"utf8"=>"✓", "user"=>{"email"=>"", "password"=>"", "remember_me"=>"0"}, "commit"=>"Sign in"} and HTTP headers {"HTTP_REFERER"=>"/"}
REQUESTING PAGE: GET /users/sign_in with {} and HTTP headers {}
REQUESTING PAGE: POST /users/sign_in with {"utf8"=>"✓", "user"=>{"email"=>"eg21@example.com", "password"=>"foobar11", "remember_me"=>"0"}, "commit"=>"Sign in"} and HTTP headers {"HTTP_REFERER"=>"/users/sign_in"}
REQUESTING PAGE: GET http://www.example.com/ with {} and HTTP headers {"HTTP_REFERER"=>"/users/sign_in"}
REQUESTING PAGE: GET /users/sign_out with {} and HTTP headers {"HTTP_REFERER"=>"http://www.example.com/"}
REQUESTING PAGE: GET http://www.example.com/ with {} and HTTP headers {"HTTP_REFERER"=>"/users/sign_out"}
REQUESTING PAGE: GET / with {} and HTTP headers {}
REQUESTING PAGE: GET /users/sign_in with {} and HTTP headers {}
REQUESTING PAGE: POST /users/sign_in with {"utf8"=>"✓", "user"=>{"email"=>"eg2168@example.com", "password"=>"foobar11", "remember_me"=>"0"}, "commit"=>"Sign in"} and HTTP headers {"HTTP_REFERER"=>"/users/sign_in"}
REQUESTING PAGE: GET http://www.example.com/ with {} and HTTP headers {"HTTP_REFERER"=>"/users/sign_in"}
REQUESTING PAGE: GET / with {} and HTTP headers {"HTTP_REFERER"=>"http://www.example.com/"}
REQUESTING PAGE: GET /users/sign_in with {} and HTTP headers {}
REQUESTING PAGE: POST /users/sign_in with {"utf8"=>"✓", "user"=>{"email"=>"eg2169@example.com", "password"=>"foobar11", "remember_me"=>"0"}, "commit"=>"Sign in"} and HTTP headers {"HTTP_REFERER"=>"/users/sign_in"}
REQUESTING PAGE: GET http://www.example.com/ with {} and HTTP headers {"HTTP_REFERER"=>"/users/sign_in"}
REQUESTING PAGE: GET / with {} and HTTP headers {"HTTP_REFERER"=>"http://www.example.com/"}
REQUESTING PAGE: GET /users/sign_in with {} and HTTP headers {}
REQUESTING PAGE: POST /users/sign_in with {"utf8"=>"✓", "user"=>{"email"=>"eg2170@example.com", "password"=>"foobar11", "remember_me"=>"0"}, "commit"=>"Sign in"} and HTTP headers {"HTTP_REFERER"=>"/users/sign_in"}
REQUESTING PAGE: GET http://www.example.com/ with {} and HTTP headers {"HTTP_REFERER"=>"/users/sign_in"}
REQUESTING PAGE: GET / with {} and HTTP headers {"HTTP_REFERER"=>"http://www.example.com/"}
REQUESTING PAGE: GET /users/sign_in with {} and HTTP headers {}
REQUESTING PAGE: POST /users/sign_in with {"utf8"=>"✓", "user"=>{"email"=>"eg2171@example.com", "password"=>"foobar11", "remember_me"=>"0"}, "commit"=>"Sign in"} and HTTP headers {"HTTP_REFERER"=>"/users/sign_in"}
REQUESTING PAGE: GET http://www.example.com/ with {} and HTTP headers {"HTTP_REFERER"=>"/users/sign_in"}
REQUESTING PAGE: GET / with {} and HTTP headers {"HTTP_REFERER"=>"http://www.example.com/"}
REQUESTING PAGE: GET /users/sign_up with {} and HTTP headers {}
REQUESTING PAGE: POST /users with {"utf8"=>"✓", "user"=>{"email"=>" ", "name"=>"", "nickname"=>"", "dob"=>"", "password"=>" ", "password_confirmation"=>" "}, "commit"=>"Sign up"} and HTTP headers {"HTTP_REFERER"=>"/users/sign_up"}
REQUESTING PAGE: GET /users/sign_up with {} and HTTP headers {}
REQUESTING PAGE: POST /users with {"utf8"=>"✓", "user"=>{"email"=>"user@example.com", "name"=>"Example User", "nickname"=>"cool", "dob"=>"25/05/1992", "password"=>"foobar11", "password_confirmation"=>"foobar11"}, "commit"=>"Sign up"} and HTTP headers {"HTTP_REFERER"=>"/users/sign_up"}
REQUESTING PAGE: GET http://www.example.com/ with {} and HTTP headers {"HTTP_REFERER"=>"/users"}
REQUESTING PAGE: GET / with {} and HTTP headers {}
REQUESTING PAGE: POST /users/sign_in with {"utf8"=>"✓", "user"=>{"email"=>"", "password"=>"", "remember_me"=>"0"}, "commit"=>"Sign in"} and HTTP headers {"HTTP_REFERER"=>"/"}
REQUESTING PAGE: GET /users/sign_in with {} and HTTP headers {}
REQUESTING PAGE: POST /users/sign_in with {"utf8"=>"✓", "user"=>{"email"=>"eg2172@example.com", "password"=>"foobar11", "remember_me"=>"0"}, "commit"=>"Sign in"} and HTTP headers {"HTTP_REFERER"=>"/users/sign_in"}
REQUESTING PAGE: GET http://www.example.com/ with {} and HTTP headers {"HTTP_REFERER"=>"/users/sign_in"}
REQUESTING PAGE: GET /users/sign_out with {} and HTTP headers {"HTTP_REFERER"=>"http://www.example.com/"}
REQUESTING PAGE: GET http://www.example.com/ with {} and HTTP headers {"HTTP_REFERER"=>"/users/sign_out"}
REQUESTING PAGE: GET / with {} and HTTP headers {}
REQUESTING PAGE: GET /users/sign_in with {} and HTTP headers {}
REQUESTING PAGE: POST /users/sign_in with {"utf8"=>"✓", "user"=>{"email"=>"eg2168@example.com", "password"=>"foobar11", "remember_me"=>"0"}, "commit"=>"Sign in"} and HTTP headers {"HTTP_REFERER"=>"/users/sign_in"}
REQUESTING PAGE: GET http://www.example.com/ with {} and HTTP headers {"HTTP_REFERER"=>"/users/sign_in"}
REQUESTING PAGE: GET / with {} and HTTP headers {"HTTP_REFERER"=>"http://www.example.com/"}
REQUESTING PAGE: GET /users/sign_in with {} and HTTP headers {}
REQUESTING PAGE: POST /users/sign_in with {"utf8"=>"✓", "user"=>{"email"=>"eg2169@example.com", "password"=>"foobar11", "remember_me"=>"0"}, "commit"=>"Sign in"} and HTTP headers {"HTTP_REFERER"=>"/users/sign_in"}
REQUESTING PAGE: GET http://www.example.com/ with {} and HTTP headers {"HTTP_REFERER"=>"/users/sign_in"}
REQUESTING PAGE: GET / with {} and HTTP headers {"HTTP_REFERER"=>"http://www.example.com/"}
REQUESTING PAGE: GET /users/sign_in with {} and HTTP headers {}
REQUESTING PAGE: POST /users/sign_in with {"utf8"=>"✓", "user"=>{"email"=>"eg2170@example.com", "password"=>"foobar11", "remember_me"=>"0"}, "commit"=>"Sign in"} and HTTP headers {"HTTP_REFERER"=>"/users/sign_in"}
REQUESTING PAGE: GET http://www.example.com/ with {} and HTTP headers {"HTTP_REFERER"=>"/users/sign_in"}
REQUESTING PAGE: GET / with {} and HTTP headers {"HTTP_REFERER"=>"http://www.example.com/"}
REQUESTING PAGE: GET /users/sign_in with {} and HTTP headers {}
REQUESTING PAGE: POST /users/sign_in with {"utf8"=>"✓", "user"=>{"email"=>"eg2171@example.com", "password"=>"foobar11", "remember_me"=>"0"}, "commit"=>"Sign in"} and HTTP headers {"HTTP_REFERER"=>"/users/sign_in"}
REQUESTING PAGE: GET http://www.example.com/ with {} and HTTP headers {"HTTP_REFERER"=>"/users/sign_in"}
REQUESTING PAGE: GET / with {} and HTTP headers {"HTTP_REFERER"=>"http://www.example.com/"}
REQUESTING PAGE: GET /users/sign_up with {} and HTTP headers {}
REQUESTING PAGE: POST /users with {"utf8"=>"✓", "user"=>{"email"=>" ", "name"=>"", "nickname"=>"", "dob"=>"", "password"=>" ", "password_confirmation"=>" "}, "commit"=>"Sign up"} and HTTP headers {"HTTP_REFERER"=>"/users/sign_up"}
REQUESTING PAGE: GET /users/sign_up with {} and HTTP headers {}
REQUESTING PAGE: POST /users with {"utf8"=>"✓", "user"=>{"email"=>"user@example.com", "name"=>"Example User", "nickname"=>"cool", "dob"=>"25/05/1992", "password"=>"foobar11", "password_confirmation"=>"foobar11"}, "commit"=>"Sign up"} and HTTP headers {"HTTP_REFERER"=>"/users/sign_up"}
REQUESTING PAGE: GET http://www.example.com/ with {} and HTTP headers {"HTTP_REFERER"=>"/users"}
REQUESTING PAGE: GET / with {} and HTTP headers {}
REQUESTING PAGE: POST /users/sign_in with {"utf8"=>"✓", "user"=>{"email"=>"", "password"=>"", "remember_me"=>"0"}, "commit"=>"Sign in"} and HTTP headers {"HTTP_REFERER"=>"/"}
REQUESTING PAGE: GET /users/sign_in with {} and HTTP headers {}
REQUESTING PAGE: POST /users/sign_in with {"utf8"=>"✓", "user"=>{"email"=>"eg2172@example.com", "password"=>"foobar11", "remember_me"=>"0"}, "commit"=>"Sign in"} and HTTP headers {"HTTP_REFERER"=>"/users/sign_in"}
REQUESTING PAGE: GET http://www.example.com/ with {} and HTTP headers {"HTTP_REFERER"=>"/users/sign_in"}
REQUESTING PAGE: GET /users/sign_out with {} and HTTP headers {"HTTP_REFERER"=>"http://www.example.com/"}
REQUESTING PAGE: GET http://www.example.com/ with {} and HTTP headers {"HTTP_REFERER"=>"/users/sign_out"}
